<!DOCTYPE html>

<html>
  <head>
  <meta charset='utf-8'>
  <title>TestNG reports</title>

    <link type="text/css" href="testng-reports1.css" rel="stylesheet" id="ultra" />
    <link type="text/css" href="testng-reports.css" rel="stylesheet" id="retro" disabled="false"/>
    <script type="text/javascript" src="jquery.min.js"></script>
    <script type="text/javascript" src="testng-reports.js"></script>
    <script type="text/javascript" src="https://www.google.com/jsapi"></script>
    <script type='text/javascript'>
      google.load('visualization', '1', {packages:['table']});
      google.setOnLoadCallback(drawTable);
      var suiteTableInitFunctions = new Array();
      var suiteTableData = new Array();
    </script>
    <!--
      <script type="text/javascript" src="jquery-ui/js/jquery-ui-1.8.16.custom.min.js"></script>
     -->
  </head>

  <body>
    <div class="top-banner-root">
      <span class="top-banner-title-font">Test results</span>
      <button id="button" class="button">Switch Retro Theme</button> <!-- button -->
      <br/>
      <span class="top-banner-font-1">1 suite, 4 failed tests</span>
    </div> <!-- top-banner-root -->
    <div class="navigator-root">
      <div class="navigator-suite-header">
        <span>All suites</span>
        <a href="#" title="Collapse/expand all the suites" class="collapse-all-link">
          <img src="collapseall.gif" class="collapse-all-icon">
          </img> <!-- collapse-all-icon -->
        </a> <!-- collapse-all-link -->
      </div> <!-- navigator-suite-header -->
      <div class="suite">
        <div class="rounded-window">
          <div class="suite-header light-rounded-window-top">
            <a href="#" panel-name="suite-Default_suite" class="navigator-link">
              <span class="suite-name border-failed">Default suite</span>
            </a> <!-- navigator-link -->
          </div> <!-- suite-header light-rounded-window-top -->
          <div class="navigator-suite-content">
            <div class="suite-section-title">
              <span>Info</span>
            </div> <!-- suite-section-title -->
            <div class="suite-section-content">
              <ul>
                <li>
                  <a href="#" panel-name="test-xml-Default_suite" class="navigator-link ">
                    <span>C:\Users\AhmedWageeh\AppData\Local\Temp\testng-eclipse--7300283\testng-customsuite.xml</span>
                  </a> <!-- navigator-link  -->
                </li>
                <li>
                  <a href="#" panel-name="testlist-Default_suite" class="navigator-link ">
                    <span class="test-stats">1 test</span>
                  </a> <!-- navigator-link  -->
                </li>
                <li>
                  <a href="#" panel-name="group-Default_suite" class="navigator-link ">
                    <span>0 groups</span>
                  </a> <!-- navigator-link  -->
                </li>
                <li>
                  <a href="#" panel-name="times-Default_suite" class="navigator-link ">
                    <span>Times</span>
                  </a> <!-- navigator-link  -->
                </li>
                <li>
                  <a href="#" panel-name="reporter-Default_suite" class="navigator-link ">
                    <span>Reporter output</span>
                  </a> <!-- navigator-link  -->
                </li>
                <li>
                  <a href="#" panel-name="ignored-methods-Default_suite" class="navigator-link ">
                    <span>Ignored methods</span>
                  </a> <!-- navigator-link  -->
                </li>
                <li>
                  <a href="#" panel-name="chronological-Default_suite" class="navigator-link ">
                    <span>Chronological view</span>
                  </a> <!-- navigator-link  -->
                </li>
              </ul>
            </div> <!-- suite-section-content -->
            <div class="result-section">
              <div class="suite-section-title">
                <span>Results</span>
              </div> <!-- suite-section-title -->
              <div class="suite-section-content">
                <ul>
                  <li>
                    <span class="method-stats">4 methods, 4 failed,   </span>
                  </li>
                  <li>
                    <span class="method-list-title failed">Failed methods</span>
                    <span class="show-or-hide-methods failed">
                      <a href="#" panel-name="suite-Default_suite" class="hide-methods failed suite-Default_suite"> (hide)</a> <!-- hide-methods failed suite-Default_suite -->
                      <a href="#" panel-name="suite-Default_suite" class="show-methods failed suite-Default_suite"> (show)</a> <!-- show-methods failed suite-Default_suite -->
                    </span>
                    <div class="method-list-content failed suite-Default_suite">
                      <span>
                        <img src="failed.png" width="3%"/>
                        <a href="#" panel-name="suite-Default_suite" title="signup.Sign_Up_Test" class="method navigator-link" hash-for-method="Sign_Test(Ahmed Wageeh, Wageeh Store, phone number, test@gmail.com, Test@123, Test@123)">Sign_Test(Ahmed Wageeh, Wageeh Store, phone number, test@gmail.com, Test@123, Test@123)</a> <!-- method navigator-link -->
                      </span>
                      <br/>
                      <span>
                        <img src="failed.png" width="3%"/>
                        <a href="#" panel-name="suite-Default_suite" title="signup.Sign_Up_Test" class="method navigator-link" hash-for-method="Sign_Test(Ahmed Wageeh, Wageeh Store, 01091969859, test@gmail.com, Test@123, Test@123)">Sign_Test(Ahmed Wageeh, Wageeh Store, 01091969859, test@gmail.com, Test@123, Test@123)</a> <!-- method navigator-link -->
                      </span>
                      <br/>
                      <span>
                        <img src="failed.png" width="3%"/>
                        <a href="#" panel-name="suite-Default_suite" title="signup.Sign_Up_Test" class="method navigator-link" hash-for-method="Sign_Test(Ahmed Wageeh, Wageeh Store, 01091969859, test, Test@123, Test@123)">Sign_Test(Ahmed Wageeh, Wageeh Store, 01091969859, test, Test@123, Test@123)</a> <!-- method navigator-link -->
                      </span>
                      <br/>
                      <span>
                        <img src="failed.png" width="3%"/>
                        <a href="#" panel-name="suite-Default_suite" title="signup.Sign_Up_Test" class="method navigator-link" hash-for-method="Sign_Test(Ahmed Wageeh elgammal, Wageeh Store, 01091969859, ahmed.wageh@gmail.com, Test@123, Test@123)">Sign_Test(Ahmed Wageeh elgammal, Wageeh Store, 01091969859, ahmed.wageh@gmail.com, Test@123, Test@123)</a> <!-- method navigator-link -->
                      </span>
                      <br/>
                    </div> <!-- method-list-content failed suite-Default_suite -->
                  </li>
                </ul>
              </div> <!-- suite-section-content -->
            </div> <!-- result-section -->
          </div> <!-- navigator-suite-content -->
        </div> <!-- rounded-window -->
      </div> <!-- suite -->
    </div> <!-- navigator-root -->
    <div class="wrapper">
      <div class="main-panel-root">
        <div panel-name="suite-Default_suite" class="panel Default_suite">
          <div class="suite-Default_suite-class-failed">
            <div class="main-panel-header rounded-window-top">
              <img src="failed.png"/>
              <span class="class-name">signup.Sign_Up_Test</span>
            </div> <!-- main-panel-header rounded-window-top -->
            <div class="main-panel-content rounded-window-bottom">
              <div class="method">
                <div class="method-content">
                  <a name="Sign_Test(Ahmed Wageeh, Wageeh Store, phone number, test@gmail.com, Test@123, Test@123)">
                  </a> <!-- Sign_Test(Ahmed Wageeh, Wageeh Store, phone number, test@gmail.com, Test@123, Test@123) -->
                  <span class="method-name">Sign_Test</span>
                  <span class="parameters">(Ahmed Wageeh, Wageeh Store, phone number, test@gmail.com, Test@123, Test@123)</span>
                  <div class="stack-trace">org.openqa.selenium.NoSuchWindowException: no such window: target window already closed
from unknown error: web view not found
  (Session info: chrome=107.0.5304.107)
  (Driver info: chromedriver=2.38.552522 (437e6fbedfa8762dec75e2c5b3ddb86763dc9dcb),platform=Windows NT 10.0.18363 x86_64) (WARNING: The server did not provide any stacktrace information)
Command duration or timeout: 0 milliseconds
Build info: version: &apos;3.12.0&apos;, revision: &apos;7c6e0b3&apos;, time: &apos;2018-05-08T14:04:26.12Z&apos;
System info: host: &apos;AHMED-WAGEEH&apos;, ip: &apos;192.168.28.229&apos;, os.name: &apos;Windows 10&apos;, os.arch: &apos;amd64&apos;, os.version: &apos;10.0&apos;, java.version: &apos;17.0.2&apos;
Driver info: org.openqa.selenium.chrome.ChromeDriver
Capabilities {acceptInsecureCerts: false, acceptSslCerts: false, applicationCacheEnabled: false, browserConnectionEnabled: false, browserName: chrome, chrome: {chromedriverVersion: 2.38.552522 (437e6fbedfa876..., userDataDir: C:\Users\AHMEDW~1\AppData\L...}, cssSelectorsEnabled: true, databaseEnabled: false, handlesAlerts: true, hasTouchScreen: false, javascriptEnabled: true, locationContextEnabled: true, mobileEmulationEnabled: false, nativeEvents: true, networkConnectionEnabled: false, pageLoadStrategy: normal, platform: XP, platformName: XP, rotatable: false, setWindowRect: true, takesHeapSnapshot: true, takesScreenshot: true, unexpectedAlertBehaviour: , unhandledPromptBehavior: , version: 107.0.5304.107, webStorageEnabled: true}
Session ID: d74fd3c444088af88dc9950030c1ca7b
	at java.base/jdk.internal.reflect.NativeConstructorAccessorImpl.newInstance0(Native Method)
	at java.base/jdk.internal.reflect.NativeConstructorAccessorImpl.newInstance(NativeConstructorAccessorImpl.java:77)
	at java.base/jdk.internal.reflect.DelegatingConstructorAccessorImpl.newInstance(DelegatingConstructorAccessorImpl.java:45)
	at java.base/java.lang.reflect.Constructor.newInstanceWithCaller(Constructor.java:499)
	at java.base/java.lang.reflect.Constructor.newInstance(Constructor.java:480)
	at org.openqa.selenium.remote.ErrorHandler.createThrowable(ErrorHandler.java:214)
	at org.openqa.selenium.remote.ErrorHandler.throwIfResponseFailed(ErrorHandler.java:166)
	at org.openqa.selenium.remote.http.JsonHttpResponseCodec.reconstructValue(JsonHttpResponseCodec.java:40)
	at org.openqa.selenium.remote.http.AbstractHttpResponseCodec.decode(AbstractHttpResponseCodec.java:80)
	at org.openqa.selenium.remote.http.AbstractHttpResponseCodec.decode(AbstractHttpResponseCodec.java:44)
	at org.openqa.selenium.remote.HttpCommandExecutor.execute(HttpCommandExecutor.java:158)
	at org.openqa.selenium.remote.service.DriverCommandExecutor.execute(DriverCommandExecutor.java:83)
	at org.openqa.selenium.remote.RemoteWebDriver.execute(RemoteWebDriver.java:543)
	at org.openqa.selenium.remote.RemoteWebDriver.executeScript(RemoteWebDriver.java:480)
	at signup.Sign_Up_Test.Sign_Test(Sign_Up_Test.java:31)
	at java.base/jdk.internal.reflect.NativeMethodAccessorImpl.invoke0(Native Method)
	at java.base/jdk.internal.reflect.NativeMethodAccessorImpl.invoke(NativeMethodAccessorImpl.java:77)
	at java.base/jdk.internal.reflect.DelegatingMethodAccessorImpl.invoke(DelegatingMethodAccessorImpl.java:43)
	at java.base/java.lang.reflect.Method.invoke(Method.java:568)
	at org.testng.internal.invokers.MethodInvocationHelper.invokeMethod(MethodInvocationHelper.java:135)
	at org.testng.internal.invokers.TestInvoker.invokeMethod(TestInvoker.java:673)
	at org.testng.internal.invokers.TestInvoker.invokeTestMethod(TestInvoker.java:220)
	at org.testng.internal.invokers.MethodRunner.runInSequence(MethodRunner.java:50)
	at org.testng.internal.invokers.TestInvoker$MethodInvocationAgent.invoke(TestInvoker.java:945)
	at org.testng.internal.invokers.TestInvoker.invokeTestMethods(TestInvoker.java:193)
	at org.testng.internal.invokers.TestMethodWorker.invokeTestMethods(TestMethodWorker.java:146)
	at org.testng.internal.invokers.TestMethodWorker.run(TestMethodWorker.java:128)
	at java.base/java.util.ArrayList.forEach(ArrayList.java:1511)
	at org.testng.TestRunner.privateRun(TestRunner.java:808)
	at org.testng.TestRunner.run(TestRunner.java:603)
	at org.testng.SuiteRunner.runTest(SuiteRunner.java:429)
	at org.testng.SuiteRunner.runSequentially(SuiteRunner.java:423)
	at org.testng.SuiteRunner.privateRun(SuiteRunner.java:383)
	at org.testng.SuiteRunner.run(SuiteRunner.java:326)
	at org.testng.SuiteRunnerWorker.runSuite(SuiteRunnerWorker.java:52)
	at org.testng.SuiteRunnerWorker.run(SuiteRunnerWorker.java:95)
	at org.testng.TestNG.runSuitesSequentially(TestNG.java:1249)
	at org.testng.TestNG.runSuitesLocally(TestNG.java:1169)
	at org.testng.TestNG.runSuites(TestNG.java:1092)
	at org.testng.TestNG.run(TestNG.java:1060)
	at org.testng.remote.AbstractRemoteTestNG.run(AbstractRemoteTestNG.java:115)
	at org.testng.remote.RemoteTestNG.initAndRun(RemoteTestNG.java:251)
	at org.testng.remote.RemoteTestNG.main(RemoteTestNG.java:77)

</div> <!-- stack-trace -->
                </div> <!-- method-content -->
              </div> <!-- method -->
              <div class="method">
                <div class="method-content">
                  <a name="Sign_Test(Ahmed Wageeh, Wageeh Store, 01091969859, test@gmail.com, Test@123, Test@123)">
                  </a> <!-- Sign_Test(Ahmed Wageeh, Wageeh Store, 01091969859, test@gmail.com, Test@123, Test@123) -->
                  <span class="method-name">Sign_Test</span>
                  <span class="parameters">(Ahmed Wageeh, Wageeh Store, 01091969859, test@gmail.com, Test@123, Test@123)</span>
                  <div class="stack-trace">java.lang.NullPointerException: Cannot invoke &quot;org.openqa.selenium.WebElement.getText()&quot; because &quot;Msg_Result&quot; is null
	at signup.Sign_Up_Test.Sign_Test(Sign_Up_Test.java:37)
	at java.base/jdk.internal.reflect.NativeMethodAccessorImpl.invoke0(Native Method)
	at java.base/jdk.internal.reflect.NativeMethodAccessorImpl.invoke(NativeMethodAccessorImpl.java:77)
	at java.base/jdk.internal.reflect.DelegatingMethodAccessorImpl.invoke(DelegatingMethodAccessorImpl.java:43)
	at java.base/java.lang.reflect.Method.invoke(Method.java:568)
	at org.testng.internal.invokers.MethodInvocationHelper.invokeMethod(MethodInvocationHelper.java:135)
	at org.testng.internal.invokers.TestInvoker.invokeMethod(TestInvoker.java:673)
	at org.testng.internal.invokers.TestInvoker.invokeTestMethod(TestInvoker.java:220)
	at org.testng.internal.invokers.MethodRunner.runInSequence(MethodRunner.java:50)
	at org.testng.internal.invokers.TestInvoker$MethodInvocationAgent.invoke(TestInvoker.java:945)
	at org.testng.internal.invokers.TestInvoker.invokeTestMethods(TestInvoker.java:193)
	at org.testng.internal.invokers.TestMethodWorker.invokeTestMethods(TestMethodWorker.java:146)
	at org.testng.internal.invokers.TestMethodWorker.run(TestMethodWorker.java:128)
	at java.base/java.util.ArrayList.forEach(ArrayList.java:1511)
	at org.testng.TestRunner.privateRun(TestRunner.java:808)
	at org.testng.TestRunner.run(TestRunner.java:603)
	at org.testng.SuiteRunner.runTest(SuiteRunner.java:429)
	at org.testng.SuiteRunner.runSequentially(SuiteRunner.java:423)
	at org.testng.SuiteRunner.privateRun(SuiteRunner.java:383)
	at org.testng.SuiteRunner.run(SuiteRunner.java:326)
	at org.testng.SuiteRunnerWorker.runSuite(SuiteRunnerWorker.java:52)
	at org.testng.SuiteRunnerWorker.run(SuiteRunnerWorker.java:95)
	at org.testng.TestNG.runSuitesSequentially(TestNG.java:1249)
	at org.testng.TestNG.runSuitesLocally(TestNG.java:1169)
	at org.testng.TestNG.runSuites(TestNG.java:1092)
	at org.testng.TestNG.run(TestNG.java:1060)
	at org.testng.remote.AbstractRemoteTestNG.run(AbstractRemoteTestNG.java:115)
	at org.testng.remote.RemoteTestNG.initAndRun(RemoteTestNG.java:251)
	at org.testng.remote.RemoteTestNG.main(RemoteTestNG.java:77)

</div> <!-- stack-trace -->
                </div> <!-- method-content -->
              </div> <!-- method -->
              <div class="method">
                <div class="method-content">
                  <a name="Sign_Test(Ahmed Wageeh, Wageeh Store, 01091969859, test, Test@123, Test@123)">
                  </a> <!-- Sign_Test(Ahmed Wageeh, Wageeh Store, 01091969859, test, Test@123, Test@123) -->
                  <span class="method-name">Sign_Test</span>
                  <span class="parameters">(Ahmed Wageeh, Wageeh Store, 01091969859, test, Test@123, Test@123)</span>
                  <div class="stack-trace">org.openqa.selenium.NoSuchWindowException: no such window: target window already closed
from unknown error: web view not found
  (Session info: chrome=107.0.5304.107)
  (Driver info: chromedriver=2.38.552522 (437e6fbedfa8762dec75e2c5b3ddb86763dc9dcb),platform=Windows NT 10.0.18363 x86_64) (WARNING: The server did not provide any stacktrace information)
Command duration or timeout: 0 milliseconds
Build info: version: &apos;3.12.0&apos;, revision: &apos;7c6e0b3&apos;, time: &apos;2018-05-08T14:04:26.12Z&apos;
System info: host: &apos;AHMED-WAGEEH&apos;, ip: &apos;192.168.28.229&apos;, os.name: &apos;Windows 10&apos;, os.arch: &apos;amd64&apos;, os.version: &apos;10.0&apos;, java.version: &apos;17.0.2&apos;
Driver info: org.openqa.selenium.chrome.ChromeDriver
Capabilities {acceptInsecureCerts: false, acceptSslCerts: false, applicationCacheEnabled: false, browserConnectionEnabled: false, browserName: chrome, chrome: {chromedriverVersion: 2.38.552522 (437e6fbedfa876..., userDataDir: C:\Users\AHMEDW~1\AppData\L...}, cssSelectorsEnabled: true, databaseEnabled: false, handlesAlerts: true, hasTouchScreen: false, javascriptEnabled: true, locationContextEnabled: true, mobileEmulationEnabled: false, nativeEvents: true, networkConnectionEnabled: false, pageLoadStrategy: normal, platform: XP, platformName: XP, rotatable: false, setWindowRect: true, takesHeapSnapshot: true, takesScreenshot: true, unexpectedAlertBehaviour: , unhandledPromptBehavior: , version: 107.0.5304.107, webStorageEnabled: true}
Session ID: d74fd3c444088af88dc9950030c1ca7b
	at java.base/jdk.internal.reflect.NativeConstructorAccessorImpl.newInstance0(Native Method)
	at java.base/jdk.internal.reflect.NativeConstructorAccessorImpl.newInstance(NativeConstructorAccessorImpl.java:77)
	at java.base/jdk.internal.reflect.DelegatingConstructorAccessorImpl.newInstance(DelegatingConstructorAccessorImpl.java:45)
	at java.base/java.lang.reflect.Constructor.newInstanceWithCaller(Constructor.java:499)
	at java.base/java.lang.reflect.Constructor.newInstance(Constructor.java:480)
	at org.openqa.selenium.remote.ErrorHandler.createThrowable(ErrorHandler.java:214)
	at org.openqa.selenium.remote.ErrorHandler.throwIfResponseFailed(ErrorHandler.java:166)
	at org.openqa.selenium.remote.http.JsonHttpResponseCodec.reconstructValue(JsonHttpResponseCodec.java:40)
	at org.openqa.selenium.remote.http.AbstractHttpResponseCodec.decode(AbstractHttpResponseCodec.java:80)
	at org.openqa.selenium.remote.http.AbstractHttpResponseCodec.decode(AbstractHttpResponseCodec.java:44)
	at org.openqa.selenium.remote.HttpCommandExecutor.execute(HttpCommandExecutor.java:158)
	at org.openqa.selenium.remote.service.DriverCommandExecutor.execute(DriverCommandExecutor.java:83)
	at org.openqa.selenium.remote.RemoteWebDriver.execute(RemoteWebDriver.java:543)
	at org.openqa.selenium.remote.RemoteWebDriver.executeScript(RemoteWebDriver.java:480)
	at signup.Sign_Up_Test.Sign_Test(Sign_Up_Test.java:31)
	at java.base/jdk.internal.reflect.NativeMethodAccessorImpl.invoke0(Native Method)
	at java.base/jdk.internal.reflect.NativeMethodAccessorImpl.invoke(NativeMethodAccessorImpl.java:77)
	at java.base/jdk.internal.reflect.DelegatingMethodAccessorImpl.invoke(DelegatingMethodAccessorImpl.java:43)
	at java.base/java.lang.reflect.Method.invoke(Method.java:568)
	at org.testng.internal.invokers.MethodInvocationHelper.invokeMethod(MethodInvocationHelper.java:135)
	at org.testng.internal.invokers.TestInvoker.invokeMethod(TestInvoker.java:673)
	at org.testng.internal.invokers.TestInvoker.invokeTestMethod(TestInvoker.java:220)
	at org.testng.internal.invokers.MethodRunner.runInSequence(MethodRunner.java:50)
	at org.testng.internal.invokers.TestInvoker$MethodInvocationAgent.invoke(TestInvoker.java:945)
	at org.testng.internal.invokers.TestInvoker.invokeTestMethods(TestInvoker.java:193)
	at org.testng.internal.invokers.TestMethodWorker.invokeTestMethods(TestMethodWorker.java:146)
	at org.testng.internal.invokers.TestMethodWorker.run(TestMethodWorker.java:128)
	at java.base/java.util.ArrayList.forEach(ArrayList.java:1511)
	at org.testng.TestRunner.privateRun(TestRunner.java:808)
	at org.testng.TestRunner.run(TestRunner.java:603)
	at org.testng.SuiteRunner.runTest(SuiteRunner.java:429)
	at org.testng.SuiteRunner.runSequentially(SuiteRunner.java:423)
	at org.testng.SuiteRunner.privateRun(SuiteRunner.java:383)
	at org.testng.SuiteRunner.run(SuiteRunner.java:326)
	at org.testng.SuiteRunnerWorker.runSuite(SuiteRunnerWorker.java:52)
	at org.testng.SuiteRunnerWorker.run(SuiteRunnerWorker.java:95)
	at org.testng.TestNG.runSuitesSequentially(TestNG.java:1249)
	at org.testng.TestNG.runSuitesLocally(TestNG.java:1169)
	at org.testng.TestNG.runSuites(TestNG.java:1092)
	at org.testng.TestNG.run(TestNG.java:1060)
	at org.testng.remote.AbstractRemoteTestNG.run(AbstractRemoteTestNG.java:115)
	at org.testng.remote.RemoteTestNG.initAndRun(RemoteTestNG.java:251)
	at org.testng.remote.RemoteTestNG.main(RemoteTestNG.java:77)

</div> <!-- stack-trace -->
                </div> <!-- method-content -->
              </div> <!-- method -->
              <div class="method">
                <div class="method-content">
                  <a name="Sign_Test(Ahmed Wageeh elgammal, Wageeh Store, 01091969859, ahmed.wageh@gmail.com, Test@123, Test@123)">
                  </a> <!-- Sign_Test(Ahmed Wageeh elgammal, Wageeh Store, 01091969859, ahmed.wageh@gmail.com, Test@123, Test@123) -->
                  <span class="method-name">Sign_Test</span>
                  <span class="parameters">(Ahmed Wageeh elgammal, Wageeh Store, 01091969859, ahmed.wageh@gmail.com, Test@123, Test@123)</span>
                  <div class="stack-trace">org.openqa.selenium.NoSuchWindowException: no such window: target window already closed
from unknown error: web view not found
  (Session info: chrome=107.0.5304.107)
  (Driver info: chromedriver=2.38.552522 (437e6fbedfa8762dec75e2c5b3ddb86763dc9dcb),platform=Windows NT 10.0.18363 x86_64) (WARNING: The server did not provide any stacktrace information)
Command duration or timeout: 0 milliseconds
Build info: version: &apos;3.12.0&apos;, revision: &apos;7c6e0b3&apos;, time: &apos;2018-05-08T14:04:26.12Z&apos;
System info: host: &apos;AHMED-WAGEEH&apos;, ip: &apos;192.168.28.229&apos;, os.name: &apos;Windows 10&apos;, os.arch: &apos;amd64&apos;, os.version: &apos;10.0&apos;, java.version: &apos;17.0.2&apos;
Driver info: org.openqa.selenium.chrome.ChromeDriver
Capabilities {acceptInsecureCerts: false, acceptSslCerts: false, applicationCacheEnabled: false, browserConnectionEnabled: false, browserName: chrome, chrome: {chromedriverVersion: 2.38.552522 (437e6fbedfa876..., userDataDir: C:\Users\AHMEDW~1\AppData\L...}, cssSelectorsEnabled: true, databaseEnabled: false, handlesAlerts: true, hasTouchScreen: false, javascriptEnabled: true, locationContextEnabled: true, mobileEmulationEnabled: false, nativeEvents: true, networkConnectionEnabled: false, pageLoadStrategy: normal, platform: XP, platformName: XP, rotatable: false, setWindowRect: true, takesHeapSnapshot: true, takesScreenshot: true, unexpectedAlertBehaviour: , unhandledPromptBehavior: , version: 107.0.5304.107, webStorageEnabled: true}
Session ID: d74fd3c444088af88dc9950030c1ca7b
	at java.base/jdk.internal.reflect.NativeConstructorAccessorImpl.newInstance0(Native Method)
	at java.base/jdk.internal.reflect.NativeConstructorAccessorImpl.newInstance(NativeConstructorAccessorImpl.java:77)
	at java.base/jdk.internal.reflect.DelegatingConstructorAccessorImpl.newInstance(DelegatingConstructorAccessorImpl.java:45)
	at java.base/java.lang.reflect.Constructor.newInstanceWithCaller(Constructor.java:499)
	at java.base/java.lang.reflect.Constructor.newInstance(Constructor.java:480)
	at org.openqa.selenium.remote.ErrorHandler.createThrowable(ErrorHandler.java:214)
	at org.openqa.selenium.remote.ErrorHandler.throwIfResponseFailed(ErrorHandler.java:166)
	at org.openqa.selenium.remote.http.JsonHttpResponseCodec.reconstructValue(JsonHttpResponseCodec.java:40)
	at org.openqa.selenium.remote.http.AbstractHttpResponseCodec.decode(AbstractHttpResponseCodec.java:80)
	at org.openqa.selenium.remote.http.AbstractHttpResponseCodec.decode(AbstractHttpResponseCodec.java:44)
	at org.openqa.selenium.remote.HttpCommandExecutor.execute(HttpCommandExecutor.java:158)
	at org.openqa.selenium.remote.service.DriverCommandExecutor.execute(DriverCommandExecutor.java:83)
	at org.openqa.selenium.remote.RemoteWebDriver.execute(RemoteWebDriver.java:543)
	at org.openqa.selenium.remote.RemoteWebDriver.executeScript(RemoteWebDriver.java:480)
	at signup.Sign_Up_Test.Sign_Test(Sign_Up_Test.java:31)
	at java.base/jdk.internal.reflect.NativeMethodAccessorImpl.invoke0(Native Method)
	at java.base/jdk.internal.reflect.NativeMethodAccessorImpl.invoke(NativeMethodAccessorImpl.java:77)
	at java.base/jdk.internal.reflect.DelegatingMethodAccessorImpl.invoke(DelegatingMethodAccessorImpl.java:43)
	at java.base/java.lang.reflect.Method.invoke(Method.java:568)
	at org.testng.internal.invokers.MethodInvocationHelper.invokeMethod(MethodInvocationHelper.java:135)
	at org.testng.internal.invokers.TestInvoker.invokeMethod(TestInvoker.java:673)
	at org.testng.internal.invokers.TestInvoker.invokeTestMethod(TestInvoker.java:220)
	at org.testng.internal.invokers.MethodRunner.runInSequence(MethodRunner.java:50)
	at org.testng.internal.invokers.TestInvoker$MethodInvocationAgent.invoke(TestInvoker.java:945)
	at org.testng.internal.invokers.TestInvoker.invokeTestMethods(TestInvoker.java:193)
	at org.testng.internal.invokers.TestMethodWorker.invokeTestMethods(TestMethodWorker.java:146)
	at org.testng.internal.invokers.TestMethodWorker.run(TestMethodWorker.java:128)
	at java.base/java.util.ArrayList.forEach(ArrayList.java:1511)
	at org.testng.TestRunner.privateRun(TestRunner.java:808)
	at org.testng.TestRunner.run(TestRunner.java:603)
	at org.testng.SuiteRunner.runTest(SuiteRunner.java:429)
	at org.testng.SuiteRunner.runSequentially(SuiteRunner.java:423)
	at org.testng.SuiteRunner.privateRun(SuiteRunner.java:383)
	at org.testng.SuiteRunner.run(SuiteRunner.java:326)
	at org.testng.SuiteRunnerWorker.runSuite(SuiteRunnerWorker.java:52)
	at org.testng.SuiteRunnerWorker.run(SuiteRunnerWorker.java:95)
	at org.testng.TestNG.runSuitesSequentially(TestNG.java:1249)
	at org.testng.TestNG.runSuitesLocally(TestNG.java:1169)
	at org.testng.TestNG.runSuites(TestNG.java:1092)
	at org.testng.TestNG.run(TestNG.java:1060)
	at org.testng.remote.AbstractRemoteTestNG.run(AbstractRemoteTestNG.java:115)
	at org.testng.remote.RemoteTestNG.initAndRun(RemoteTestNG.java:251)
	at org.testng.remote.RemoteTestNG.main(RemoteTestNG.java:77)

</div> <!-- stack-trace -->
                </div> <!-- method-content -->
              </div> <!-- method -->
            </div> <!-- main-panel-content rounded-window-bottom -->
          </div> <!-- suite-Default_suite-class-failed -->
        </div> <!-- panel Default_suite -->
        <div panel-name="test-xml-Default_suite" class="panel">
          <div class="main-panel-header rounded-window-top">
            <span class="header-content">C:\Users\AhmedWageeh\AppData\Local\Temp\testng-eclipse--7300283\testng-customsuite.xml</span>
          </div> <!-- main-panel-header rounded-window-top -->
          <div class="main-panel-content rounded-window-bottom">
            <pre>
&lt;?xml version=&quot;1.0&quot; encoding=&quot;UTF-8&quot;?&gt;
&lt;!DOCTYPE suite SYSTEM &quot;https://testng.org/testng-1.0.dtd&quot;&gt;
&lt;suite name=&quot;Default suite&quot; guice-stage=&quot;DEVELOPMENT&quot;&gt;
  &lt;test thread-count=&quot;5&quot; name=&quot;Default test&quot; verbose=&quot;2&quot;&gt;
    &lt;classes&gt;
      &lt;class name=&quot;signup.Sign_Up_Test&quot;/&gt;
    &lt;/classes&gt;
  &lt;/test&gt; &lt;!-- Default test --&gt;
&lt;/suite&gt; &lt;!-- Default suite --&gt;
            </pre>
          </div> <!-- main-panel-content rounded-window-bottom -->
        </div> <!-- panel -->
        <div panel-name="testlist-Default_suite" class="panel">
          <div class="main-panel-header rounded-window-top">
            <span class="header-content">Tests for Default suite</span>
          </div> <!-- main-panel-header rounded-window-top -->
          <div class="main-panel-content rounded-window-bottom">
            <ul>
              <li>
                <span class="test-name">Default test (1 class)</span>
              </li>
            </ul>
          </div> <!-- main-panel-content rounded-window-bottom -->
        </div> <!-- panel -->
        <div panel-name="group-Default_suite" class="panel">
          <div class="main-panel-header rounded-window-top">
            <span class="header-content">Groups for Default suite</span>
          </div> <!-- main-panel-header rounded-window-top -->
          <div class="main-panel-content rounded-window-bottom">
          </div> <!-- main-panel-content rounded-window-bottom -->
        </div> <!-- panel -->
        <div panel-name="times-Default_suite" class="panel">
          <div class="main-panel-header rounded-window-top">
            <span class="header-content">Times for Default suite</span>
          </div> <!-- main-panel-header rounded-window-top -->
          <div class="main-panel-content rounded-window-bottom">
            <div class="times-div">
              <script type="text/javascript">
suiteTableInitFunctions.push('tableData_Default_suite');
function tableData_Default_suite() {
var data = new google.visualization.DataTable();
data.addColumn('number', 'Number');
data.addColumn('string', 'Method');
data.addColumn('string', 'Class');
data.addColumn('number', 'Time (ms)');
data.addRows(4);
data.setCell(0, 0, 0)
data.setCell(0, 1, 'Sign_Test')
data.setCell(0, 2, 'signup.Sign_Up_Test')
data.setCell(0, 3, 13727);
data.setCell(1, 0, 1)
data.setCell(1, 1, 'Sign_Test')
data.setCell(1, 2, 'signup.Sign_Up_Test')
data.setCell(1, 3, 1800);
data.setCell(2, 0, 2)
data.setCell(2, 1, 'Sign_Test')
data.setCell(2, 2, 'signup.Sign_Up_Test')
data.setCell(2, 3, 10);
data.setCell(3, 0, 3)
data.setCell(3, 1, 'Sign_Test')
data.setCell(3, 2, 'signup.Sign_Up_Test')
data.setCell(3, 3, 6);
window.suiteTableData['Default_suite']= { tableData: data, tableDiv: 'times-div-Default_suite'}
return data;
}
              </script>
              <span class="suite-total-time">Total running time: 15 seconds</span>
              <div id="times-div-Default_suite">
              </div> <!-- times-div-Default_suite -->
            </div> <!-- times-div -->
          </div> <!-- main-panel-content rounded-window-bottom -->
        </div> <!-- panel -->
        <div panel-name="reporter-Default_suite" class="panel">
          <div class="main-panel-header rounded-window-top">
            <span class="header-content">Reporter output for Default suite</span>
          </div> <!-- main-panel-header rounded-window-top -->
          <div class="main-panel-content rounded-window-bottom">
          </div> <!-- main-panel-content rounded-window-bottom -->
        </div> <!-- panel -->
        <div panel-name="ignored-methods-Default_suite" class="panel">
          <div class="main-panel-header rounded-window-top">
            <span class="header-content">0 ignored methods</span>
          </div> <!-- main-panel-header rounded-window-top -->
          <div class="main-panel-content rounded-window-bottom">
          </div> <!-- main-panel-content rounded-window-bottom -->
        </div> <!-- panel -->
        <div panel-name="chronological-Default_suite" class="panel">
          <div class="main-panel-header rounded-window-top">
            <span class="header-content">Methods in chronological order</span>
          </div> <!-- main-panel-header rounded-window-top -->
          <div class="main-panel-content rounded-window-bottom">
            <div class="chronological-class">
              <div class="chronological-class-name">signup.Sign_Up_Test</div> <!-- chronological-class-name -->
              <div class="configuration-test before">
                <span class="method-name">openBrowser</span>
                <span class="method-start">0 ms</span>
              </div> <!-- configuration-test before -->
              <div class="test-method">
                <img src="failed.png">
                </img>
                <span class="method-name">Sign_Test(Ahmed Wageeh, Wageeh Store, 01091969859, test@gmail.com, Test@123, Test@123)</span>
                <span class="method-start">39140 ms</span>
              </div> <!-- test-method -->
              <div class="test-method">
                <img src="failed.png">
                </img>
                <span class="method-name">Sign_Test(Ahmed Wageeh, Wageeh Store, phone number, test@gmail.com, Test@123, Test@123)</span>
                <span class="method-start">52948 ms</span>
              </div> <!-- test-method -->
              <div class="test-method">
                <img src="failed.png">
                </img>
                <span class="method-name">Sign_Test(Ahmed Wageeh, Wageeh Store, 01091969859, test, Test@123, Test@123)</span>
                <span class="method-start">54750 ms</span>
              </div> <!-- test-method -->
              <div class="test-method">
                <img src="failed.png">
                </img>
                <span class="method-name">Sign_Test(Ahmed Wageeh elgammal, Wageeh Store, 01091969859, ahmed.wageh@gmail.com, Test@123, Test@123)</span>
                <span class="method-start">54760 ms</span>
              </div> <!-- test-method -->
              <div class="configuration-test after">
                <span class="method-name">closeDriver</span>
                <span class="method-start">54794 ms</span>
              </div> <!-- configuration-test after -->
          </div> <!-- main-panel-content rounded-window-bottom -->
        </div> <!-- panel -->
      </div> <!-- main-panel-root -->
    </div> <!-- wrapper -->
  </body>
<script type="text/javascript" src="testng-reports2.js"></script>
</html>
